{"C:\\Cursos\\cursos\\udemy\\fernando-herrera\\react-desde-cero\\02-first-steps\\src\\FirstStepsApp.tsx": {"path":"C:\\Cursos\\cursos\\udemy\\fernando-herrera\\react-desde-cero\\02-first-steps\\src\\FirstStepsApp.tsx","all":false,"statementMap":{"0":{"start":{"line":1,"column":0},"end":{"line":1,"column":58}},"7":{"start":{"line":8,"column":0},"end":{"line":8,"column":35}},"8":{"start":{"line":9,"column":0},"end":{"line":9,"column":54}},"9":{"start":{"line":10,"column":0},"end":{"line":10,"column":51}},"10":{"start":{"line":11,"column":0},"end":{"line":11,"column":48}},"11":{"start":{"line":12,"column":0},"end":{"line":12,"column":1}},"13":{"start":{"line":14,"column":0},"end":{"line":14,"column":33}},"14":{"start":{"line":15,"column":0},"end":{"line":15,"column":12}},"15":{"start":{"line":16,"column":0},"end":{"line":16,"column":10}},"16":{"start":{"line":17,"column":0},"end":{"line":17,"column":39}},"19":{"start":{"line":20,"column":0},"end":{"line":20,"column":32}},"20":{"start":{"line":21,"column":0},"end":{"line":21,"column":123}},"25":{"start":{"line":26,"column":0},"end":{"line":26,"column":1}}},"s":{"0":1,"7":1,"8":1,"9":1,"10":1,"11":1,"13":1,"14":3,"15":3,"16":3,"19":3,"20":3,"25":3},"branchMap":{"0":{"type":"branch","line":14,"loc":{"start":{"line":14,"column":7},"end":{"line":26,"column":1}},"locations":[{"start":{"line":14,"column":7},"end":{"line":26,"column":1}}]}},"b":{"0":[3]},"fnMap":{"0":{"name":"FirstStepsApp","decl":{"start":{"line":14,"column":7},"end":{"line":26,"column":1}},"loc":{"start":{"line":14,"column":7},"end":{"line":26,"column":1}},"line":14}},"f":{"0":3}}
,"C:\\Cursos\\cursos\\udemy\\fernando-herrera\\react-desde-cero\\02-first-steps\\src\\MyAwesomeApp.tsx": {"path":"C:\\Cursos\\cursos\\udemy\\fernando-herrera\\react-desde-cero\\02-first-steps\\src\\MyAwesomeApp.tsx","all":false,"statementMap":{"2":{"start":{"line":3,"column":0},"end":{"line":3,"column":27}},"3":{"start":{"line":4,"column":0},"end":{"line":4,"column":26}},"5":{"start":{"line":6,"column":0},"end":{"line":6,"column":51}},"6":{"start":{"line":7,"column":0},"end":{"line":7,"column":23}},"8":{"start":{"line":9,"column":0},"end":{"line":9,"column":17}},"9":{"start":{"line":10,"column":0},"end":{"line":10,"column":23}},"10":{"start":{"line":11,"column":0},"end":{"line":11,"column":22}},"11":{"start":{"line":12,"column":0},"end":{"line":12,"column":1}},"13":{"start":{"line":14,"column":0},"end":{"line":14,"column":33}},"14":{"start":{"line":15,"column":0},"end":{"line":15,"column":31}},"15":{"start":{"line":16,"column":0},"end":{"line":16,"column":21}},"16":{"start":{"line":17,"column":0},"end":{"line":17,"column":16}},"17":{"start":{"line":18,"column":0},"end":{"line":18,"column":18}},"18":{"start":{"line":19,"column":0},"end":{"line":19,"column":1}},"19":{"start":{"line":20,"column":0},"end":{"line":20,"column":35}},"20":{"start":{"line":21,"column":0},"end":{"line":21,"column":12}},"21":{"start":{"line":22,"column":0},"end":{"line":22,"column":35}},"22":{"start":{"line":23,"column":0},"end":{"line":23,"column":63}},"23":{"start":{"line":24,"column":0},"end":{"line":24,"column":31}},"25":{"start":{"line":26,"column":0},"end":{"line":26,"column":75}},"27":{"start":{"line":28,"column":0},"end":{"line":28,"column":56}},"29":{"start":{"line":30,"column":0},"end":{"line":30,"column":61}},"32":{"start":{"line":33,"column":0},"end":{"line":33,"column":1}}},"s":{"2":1,"3":1,"5":1,"6":1,"8":1,"9":1,"10":1,"11":1,"13":1,"14":1,"15":1,"16":1,"17":1,"18":1,"19":1,"20":4,"21":4,"22":4,"23":4,"25":4,"27":4,"29":4,"32":4},"branchMap":{"0":{"type":"branch","line":20,"loc":{"start":{"line":20,"column":28},"end":{"line":33,"column":1}},"locations":[{"start":{"line":20,"column":28},"end":{"line":33,"column":1}}]},"1":{"type":"branch","line":28,"loc":{"start":{"line":28,"column":17},"end":{"line":28,"column":39}},"locations":[{"start":{"line":28,"column":17},"end":{"line":28,"column":39}}]}},"b":{"0":[4],"1":[0]},"fnMap":{"0":{"name":"MyAwesomeApp","decl":{"start":{"line":20,"column":28},"end":{"line":33,"column":1}},"loc":{"start":{"line":20,"column":28},"end":{"line":33,"column":1}},"line":20}},"f":{"0":4}}
,"C:\\Cursos\\cursos\\udemy\\fernando-herrera\\react-desde-cero\\02-first-steps\\src\\main.tsx": {"path":"C:\\Cursos\\cursos\\udemy\\fernando-herrera\\react-desde-cero\\02-first-steps\\src\\main.tsx","all":true,"statementMap":{"0":{"start":{"line":1,"column":0},"end":{"line":1,"column":34}},"1":{"start":{"line":2,"column":0},"end":{"line":2,"column":45}},"2":{"start":{"line":3,"column":0},"end":{"line":3,"column":48}},"5":{"start":{"line":6,"column":0},"end":{"line":6,"column":52}},"6":{"start":{"line":7,"column":0},"end":{"line":7,"column":14}},"7":{"start":{"line":8,"column":0},"end":{"line":8,"column":21}}},"s":{"0":0,"1":0,"2":0,"5":0,"6":0,"7":0},"branchMap":{"0":{"type":"branch","line":1,"loc":{"start":{"line":1,"column":325},"end":{"line":11,"column":2}},"locations":[{"start":{"line":1,"column":325},"end":{"line":11,"column":2}}]}},"b":{"0":[0]},"fnMap":{"0":{"name":"(empty-report)","decl":{"start":{"line":1,"column":325},"end":{"line":11,"column":2}},"loc":{"start":{"line":1,"column":325},"end":{"line":11,"column":2}},"line":1}},"f":{"0":0}}
,"C:\\Cursos\\cursos\\udemy\\fernando-herrera\\react-desde-cero\\02-first-steps\\src\\helpers\\math.helper.ts": {"path":"C:\\Cursos\\cursos\\udemy\\fernando-herrera\\react-desde-cero\\02-first-steps\\src\\helpers\\math.helper.ts","all":false,"statementMap":{"1":{"start":{"line":2,"column":0},"end":{"line":2,"column":46}},"2":{"start":{"line":3,"column":0},"end":{"line":3,"column":17}},"3":{"start":{"line":4,"column":0},"end":{"line":4,"column":1}},"5":{"start":{"line":6,"column":0},"end":{"line":6,"column":51}},"6":{"start":{"line":7,"column":0},"end":{"line":7,"column":17}},"7":{"start":{"line":8,"column":0},"end":{"line":8,"column":1}},"9":{"start":{"line":10,"column":0},"end":{"line":10,"column":51}},"10":{"start":{"line":11,"column":0},"end":{"line":11,"column":17}},"11":{"start":{"line":12,"column":0},"end":{"line":12,"column":1}},"13":{"start":{"line":14,"column":0},"end":{"line":14,"column":49}},"14":{"start":{"line":15,"column":0},"end":{"line":15,"column":17}},"15":{"start":{"line":16,"column":0},"end":{"line":16,"column":1}}},"s":{"1":1,"2":2,"3":2,"5":1,"6":2,"7":2,"9":1,"10":3,"11":3,"13":1,"14":1,"15":1},"branchMap":{"0":{"type":"branch","line":2,"loc":{"start":{"line":2,"column":19},"end":{"line":4,"column":1}},"locations":[{"start":{"line":2,"column":19},"end":{"line":4,"column":1}}]},"1":{"type":"branch","line":6,"loc":{"start":{"line":6,"column":24},"end":{"line":8,"column":1}},"locations":[{"start":{"line":6,"column":24},"end":{"line":8,"column":1}}]},"2":{"type":"branch","line":10,"loc":{"start":{"line":10,"column":24},"end":{"line":12,"column":1}},"locations":[{"start":{"line":10,"column":24},"end":{"line":12,"column":1}}]},"3":{"type":"branch","line":14,"loc":{"start":{"line":14,"column":22},"end":{"line":16,"column":1}},"locations":[{"start":{"line":14,"column":22},"end":{"line":16,"column":1}}]}},"b":{"0":[2],"1":[2],"2":[3],"3":[1]},"fnMap":{"0":{"name":"add","decl":{"start":{"line":2,"column":19},"end":{"line":4,"column":1}},"loc":{"start":{"line":2,"column":19},"end":{"line":4,"column":1}},"line":2},"1":{"name":"subtract","decl":{"start":{"line":6,"column":24},"end":{"line":8,"column":1}},"loc":{"start":{"line":6,"column":24},"end":{"line":8,"column":1}},"line":6},"2":{"name":"multiply","decl":{"start":{"line":10,"column":24},"end":{"line":12,"column":1}},"loc":{"start":{"line":10,"column":24},"end":{"line":12,"column":1}},"line":10},"3":{"name":"divide","decl":{"start":{"line":14,"column":22},"end":{"line":16,"column":1}},"loc":{"start":{"line":14,"column":22},"end":{"line":16,"column":1}},"line":14}},"f":{"0":2,"1":2,"2":3,"3":1}}
,"C:\\Cursos\\cursos\\udemy\\fernando-herrera\\react-desde-cero\\02-first-steps\\src\\shopping-cart\\ItemCounter.tsx": {"path":"C:\\Cursos\\cursos\\udemy\\fernando-herrera\\react-desde-cero\\02-first-steps\\src\\shopping-cart\\ItemCounter.tsx","all":false,"statementMap":{"0":{"start":{"line":1,"column":0},"end":{"line":1,"column":33}},"2":{"start":{"line":3,"column":0},"end":{"line":3,"column":30}},"3":{"start":{"line":4,"column":0},"end":{"line":4,"column":46}},"10":{"start":{"line":11,"column":0},"end":{"line":11,"column":63}},"11":{"start":{"line":12,"column":0},"end":{"line":12,"column":53}},"13":{"start":{"line":14,"column":0},"end":{"line":14,"column":29}},"14":{"start":{"line":15,"column":0},"end":{"line":15,"column":32}},"15":{"start":{"line":16,"column":0},"end":{"line":16,"column":5}},"17":{"start":{"line":18,"column":0},"end":{"line":18,"column":35}},"18":{"start":{"line":19,"column":0},"end":{"line":19,"column":34}},"19":{"start":{"line":20,"column":0},"end":{"line":20,"column":32}},"20":{"start":{"line":21,"column":0},"end":{"line":21,"column":5}},"22":{"start":{"line":23,"column":0},"end":{"line":23,"column":12}},"23":{"start":{"line":24,"column":0},"end":{"line":24,"column":48}},"24":{"start":{"line":25,"column":0},"end":{"line":25,"column":58}},"25":{"start":{"line":26,"column":0},"end":{"line":26,"column":55}},"26":{"start":{"line":27,"column":0},"end":{"line":27,"column":15}},"27":{"start":{"line":28,"column":0},"end":{"line":28,"column":22}},"29":{"start":{"line":30,"column":0},"end":{"line":30,"column":59}},"30":{"start":{"line":31,"column":0},"end":{"line":31,"column":34}},"31":{"start":{"line":32,"column":0},"end":{"line":32,"column":65}},"34":{"start":{"line":35,"column":0},"end":{"line":35,"column":1}}},"s":{"0":1,"2":1,"3":1,"10":1,"11":9,"13":9,"14":1,"15":1,"17":9,"18":2,"19":1,"20":1,"22":9,"23":9,"24":9,"25":9,"26":9,"27":9,"29":9,"30":9,"31":9,"34":9},"branchMap":{"0":{"type":"branch","line":11,"loc":{"start":{"line":11,"column":27},"end":{"line":35,"column":1}},"locations":[{"start":{"line":11,"column":27},"end":{"line":35,"column":1}}]},"1":{"type":"branch","line":26,"loc":{"start":{"line":26,"column":35},"end":{"line":26,"column":47}},"locations":[{"start":{"line":26,"column":35},"end":{"line":26,"column":47}}]},"2":{"type":"branch","line":26,"loc":{"start":{"line":26,"column":39},"end":{"line":26,"column":55}},"locations":[{"start":{"line":26,"column":39},"end":{"line":26,"column":55}}]},"3":{"type":"branch","line":14,"loc":{"start":{"line":14,"column":22},"end":{"line":16,"column":5}},"locations":[{"start":{"line":14,"column":22},"end":{"line":16,"column":5}}]},"4":{"type":"branch","line":18,"loc":{"start":{"line":18,"column":28},"end":{"line":21,"column":5}},"locations":[{"start":{"line":18,"column":28},"end":{"line":21,"column":5}}]},"5":{"type":"branch","line":19,"loc":{"start":{"line":19,"column":27},"end":{"line":21,"column":5}},"locations":[{"start":{"line":19,"column":27},"end":{"line":21,"column":5}}]},"6":{"type":"branch","line":30,"loc":{"start":{"line":30,"column":29},"end":{"line":30,"column":48}},"locations":[{"start":{"line":30,"column":29},"end":{"line":30,"column":48}}]},"7":{"type":"branch","line":32,"loc":{"start":{"line":32,"column":29},"end":{"line":32,"column":54}},"locations":[{"start":{"line":32,"column":29},"end":{"line":32,"column":54}}]}},"b":{"0":[9],"1":[4],"2":[5],"3":[1],"4":[2],"5":[1],"6":[1],"7":[2]},"fnMap":{"0":{"name":"ItemCounter","decl":{"start":{"line":11,"column":27},"end":{"line":35,"column":1}},"loc":{"start":{"line":11,"column":27},"end":{"line":35,"column":1}},"line":11},"1":{"name":"handleAdd","decl":{"start":{"line":14,"column":22},"end":{"line":16,"column":5}},"loc":{"start":{"line":14,"column":22},"end":{"line":16,"column":5}},"line":14},"2":{"name":"handleSubstract","decl":{"start":{"line":18,"column":28},"end":{"line":21,"column":5}},"loc":{"start":{"line":18,"column":28},"end":{"line":21,"column":5}},"line":18},"3":{"name":"onClick","decl":{"start":{"line":30,"column":29},"end":{"line":30,"column":48}},"loc":{"start":{"line":30,"column":29},"end":{"line":30,"column":48}},"line":30},"4":{"name":"onClick","decl":{"start":{"line":32,"column":29},"end":{"line":32,"column":54}},"loc":{"start":{"line":32,"column":29},"end":{"line":32,"column":54}},"line":32}},"f":{"0":9,"1":1,"2":2,"3":1,"4":2}}
}
